<?xml version="1.0" encoding="UTF-8"?>
<testsuite xmlns:xsi="http://www.w3.org/2001/XMLSchema-instance" xsi:noNamespaceSchemaLocation="https://maven.apache.org/surefire/maven-surefire-plugin/xsd/surefire-test-report-3.0.xsd" version="3.0" name="com.achyutraghavan.job_application.JobApplicationTests" time="7.196" tests="1" errors="0" skipped="0" failures="0">
  <properties>
[...]
</properties>
  <testcase name="contextLoads" classname="com.achyutraghavan.job_application.JobApplicationTests" time="0.543">
    <system-out><![CDATA[23:13:45.244 [main] INFO org.springframework.test.context.support.AnnotationConfigContextLoaderUtils -- Could not detect default configuration classes for test class [com.achyutraghavan.job_application.JobApplicationTests]: JobApplicationTests does not declare any static, non-private, non-final, nested classes annotated with @Configuration.
23:13:45.353 [main] INFO org.springframework.boot.test.context.SpringBootTestContextBootstrapper -- Found @SpringBootConfiguration com.achyutraghavan.job_application.JobApplication for test class com.achyutraghavan.job_application.JobApplicationTests

  .   ____          _            __ _ _
 /\\ / ___'_ __ _ _(_)_ __  __ _ \ \ \ \
( ( )\___ | '_ | '_| | '_ \/ _` | \ \ \ \
 \\/  ___)| |_)| | | | | || (_| |  ) ) ) )
  '  |____| .__|_| |_|_| |_\__, | / / / /
 =========|_|==============|___/=/_/_/_/

 :: Spring Boot ::                (v3.3.4)

2024-10-19T23:13:45.885+05:30  INFO 18864 --- [job-application] [           main] c.a.job_application.JobApplicationTests  : Starting JobApplicationTests using Java 17.0.12 with PID 18864 (started by Achyut in C:\Users\Achyut\OneDrive\Desktop\Courses\JAVA\job-application)
2024-10-19T23:13:45.885+05:30  INFO 18864 --- [job-application] [           main] c.a.job_application.JobApplicationTests  : No active profile set, falling back to 1 default profile: "default"
2024-10-19T23:13:47.023+05:30  INFO 18864 --- [job-application] [           main] .s.d.r.c.RepositoryConfigurationDelegate : Bootstrapping Spring Data JPA repositories in DEFAULT mode.
2024-10-19T23:13:47.102+05:30  INFO 18864 --- [job-application] [           main] .s.d.r.c.RepositoryConfigurationDelegate : Finished Spring Data repository scanning in 72 ms. Found 3 JPA repository interfaces.
2024-10-19T23:13:47.837+05:30  INFO 18864 --- [job-application] [           main] o.hibernate.jpa.internal.util.LogHelper  : HHH000204: Processing PersistenceUnitInfo [name: default]
2024-10-19T23:13:47.946+05:30  INFO 18864 --- [job-application] [           main] org.hibernate.Version                    : HHH000412: Hibernate ORM core version 6.5.3.Final
2024-10-19T23:13:47.993+05:30  INFO 18864 --- [job-application] [           main] o.h.c.internal.RegionFactoryInitiator    : HHH000026: Second-level cache disabled
2024-10-19T23:13:48.431+05:30  INFO 18864 --- [job-application] [           main] o.s.o.j.p.SpringPersistenceUnitInfo      : No LoadTimeWeaver setup: ignoring JPA class transformer
2024-10-19T23:13:48.478+05:30  INFO 18864 --- [job-application] [           main] com.zaxxer.hikari.HikariDataSource       : HikariPool-1 - Starting...
2024-10-19T23:13:48.713+05:30  INFO 18864 --- [job-application] [           main] com.zaxxer.hikari.pool.HikariPool        : HikariPool-1 - Added connection conn0: url=jdbc:h2:mem:test user=SA
2024-10-19T23:13:48.713+05:30  INFO 18864 --- [job-application] [           main] com.zaxxer.hikari.HikariDataSource       : HikariPool-1 - Start completed.
2024-10-19T23:13:49.908+05:30  INFO 18864 --- [job-application] [           main] o.h.e.t.j.p.i.JtaPlatformInitiator       : HHH000489: No JTA platform available (set 'hibernate.transaction.jta.platform' to enable JTA platform integration)
Hibernate: create table company (id bigint generated by default as identity, description varchar(255), name varchar(255), primary key (id))
Hibernate: create table job_table (id bigint generated by default as identity, description varchar(255), location varchar(255), max_salary varchar(255), min_salary varchar(255), title varchar(255), company_id bigint, primary key (id))
Hibernate: create table review (id bigint generated by default as identity, description varchar(255), rating float(53) not null, title varchar(255), company_id bigint, primary key (id))
Hibernate: alter table if exists job_table add constraint FKck1peqxlvvr4khykulyaakrop foreign key (company_id) references company
Hibernate: alter table if exists review add constraint FK1r7rw4wp2mtlsn758pdi24qdx foreign key (company_id) references company
2024-10-19T23:13:50.001+05:30  INFO 18864 --- [job-application] [           main] j.LocalContainerEntityManagerFactoryBean : Initialized JPA EntityManagerFactory for persistence unit 'default'
2024-10-19T23:13:50.677+05:30  WARN 18864 --- [job-application] [           main] JpaBaseConfiguration$JpaWebConfiguration : spring.jpa.open-in-view is enabled by default. Therefore, database queries may be performed during view rendering. Explicitly configure spring.jpa.open-in-view to disable this warning
2024-10-19T23:13:51.491+05:30  INFO 18864 --- [job-application] [           main] o.s.b.a.h2.H2ConsoleAutoConfiguration    : H2 console available at '/h2-console'. Database available at 'jdbc:h2:mem:test'
2024-10-19T23:13:51.538+05:30  INFO 18864 --- [job-application] [           main] o.s.b.a.e.web.EndpointLinksResolver      : Exposing 1 endpoint beneath base path '/actuator'
2024-10-19T23:13:51.616+05:30  INFO 18864 --- [job-application] [           main] c.a.job_application.JobApplicationTests  : Started JobApplicationTests in 6.044 seconds (process running for 7.272)
]]></system-out>
  </testcase>
</testsuite>